<?xml version="1.0" encoding="UTF-8"?>
<testng-results skipped="0" failed="0" ignored="0" total="1" passed="1">
  <reporter-output>
  </reporter-output>
  <suite name="Command line suite" duration-ms="12" started-at="2018-10-09T17:26:52Z" finished-at="2018-10-09T17:26:52Z">
    <groups>
    </groups>
    <test name="Command line test" duration-ms="12" started-at="2018-10-09T17:26:52Z" finished-at="2018-10-09T17:26:52Z">
      <class name="mavenseleniumprojectpackage.AppTest">
        <test-method status="PASS" signature="testApp()[pri:0, instance:testApp(mavenseleniumprojectpackage.AppTest)]" name="testApp" duration-ms="1" started-at="2018-10-09T17:26:52Z" finished-at="2018-10-09T17:26:52Z">
          <reporter-output>
          </reporter-output>
        </test-method> <!-- testApp -->
      </class> <!-- mavenseleniumprojectpackage.AppTest -->
    </test> <!-- Command line test -->
  </suite> <!-- Command line suite -->
</testng-results>
