<?xml version="1.0" encoding="UTF-8"?>
<testng-results skipped="0" failed="0" ignored="0" total="1" passed="1">
  <reporter-output>
  </reporter-output>
  <suite name="Command line suite" duration-ms="8754" started-at="2018-10-09T17:26:43Z" finished-at="2018-10-09T17:26:51Z">
    <groups>
    </groups>
    <test name="Command line test" duration-ms="8754" started-at="2018-10-09T17:26:43Z" finished-at="2018-10-09T17:26:51Z">
      <class name="mavenseleniumprojectpackage.DemoTest">
        <test-method status="PASS" signature="Testcase1()[pri:0, instance:mavenseleniumprojectpackage.DemoTest@21bcffb5]" name="Testcase1" duration-ms="8683" started-at="2018-10-09T17:26:43Z" finished-at="2018-10-09T17:26:51Z">
          <reporter-output>
          </reporter-output>
        </test-method> <!-- Testcase1 -->
      </class> <!-- mavenseleniumprojectpackage.DemoTest -->
    </test> <!-- Command line test -->
  </suite> <!-- Command line suite -->
</testng-results>
