<?xml version="1.0" encoding="UTF-8"?>
<testng-results skipped="0" failed="0" ignored="0" total="0" passed="0">
  <reporter-output>
  </reporter-output>
  <suite name="mavenseleniumprojectpackage.AppTest" duration-ms="9" started-at="2018-10-08T02:06:18Z" finished-at="2018-10-08T02:06:18Z">
    <groups>
    </groups>
    <test name="Command line test" duration-ms="9" started-at="2018-10-08T02:06:18Z" finished-at="2018-10-08T02:06:18Z">
    </test> <!-- Command line test -->
  </suite> <!-- mavenseleniumprojectpackage.AppTest -->
</testng-results>
