<?xml version="1.0" encoding="UTF-8"?>
<testng-results skipped="0" failed="0" ignored="0" total="1" passed="1">
  <reporter-output>
  </reporter-output>
  <suite name="Default suite" duration-ms="9357" started-at="2018-10-08T03:12:42Z" finished-at="2018-10-08T03:12:51Z">
    <groups>
    </groups>
    <test name="Default test" duration-ms="9357" started-at="2018-10-08T03:12:42Z" finished-at="2018-10-08T03:12:51Z">
      <class name="mavenseleniumprojectpackage.DemoTest">
        <test-method status="PASS" signature="beforeMethod()[pri:0, instance:mavenseleniumprojectpackage.DemoTest@29774679]" name="beforeMethod" is-config="true" duration-ms="7" started-at="2018-10-08T03:12:42Z" finished-at="2018-10-08T03:12:42Z">
          <reporter-output>
          </reporter-output>
        </test-method> <!-- beforeMethod -->
        <test-method status="PASS" signature="Testcase1()[pri:0, instance:mavenseleniumprojectpackage.DemoTest@29774679]" name="Testcase1" duration-ms="9319" started-at="2018-10-08T03:12:42Z" finished-at="2018-10-08T03:12:51Z">
          <reporter-output>
          </reporter-output>
        </test-method> <!-- Testcase1 -->
        <test-method status="PASS" signature="afterMethod()[pri:0, instance:mavenseleniumprojectpackage.DemoTest@29774679]" name="afterMethod" is-config="true" duration-ms="0" started-at="2018-10-08T03:12:51Z" finished-at="2018-10-08T03:12:51Z">
          <reporter-output>
          </reporter-output>
        </test-method> <!-- afterMethod -->
      </class> <!-- mavenseleniumprojectpackage.DemoTest -->
    </test> <!-- Default test -->
  </suite> <!-- Default suite -->
</testng-results>
